TN:
SF:C:\xampp\htdocs\2-DAW\2-DAW\Programacion\Cliente\Testing\Evaluable\buggy_code\buggy_code\app\data\dataset_utils.js
FN:81,isForward
FN:99,isBack
FN:117,isMidfielder
FN:141,isGoalKeeper
FNF:4
FNH:4
FNDA:3,isForward
FNDA:3,isBack
FNDA:3,isMidfielder
FNDA:3,isGoalKeeper
DA:4,1
DA:82,3
DA:88,1
DA:90,2
DA:100,3
DA:107,0
DA:109,3
DA:118,3
DA:131,3
DA:133,0
DA:142,3
DA:143,0
DA:147,3
DA:150,1
DA:151,1
DA:152,1
DA:153,1
DA:154,1
LF:18
LH:15
BRDA:82,0,0,1
BRDA:82,0,1,2
BRDA:82,1,0,3
BRDA:82,1,1,3
BRDA:82,1,2,3
BRDA:82,1,3,3
BRDA:82,1,4,2
BRDA:82,1,5,2
BRDA:100,2,0,0
BRDA:100,2,1,3
BRDA:100,3,0,3
BRDA:100,3,1,3
BRDA:100,3,2,3
BRDA:100,3,3,3
BRDA:100,3,4,3
BRDA:100,3,5,3
BRDA:100,3,6,3
BRDA:118,4,0,3
BRDA:118,4,1,0
BRDA:118,5,0,3
BRDA:118,5,1,3
BRDA:118,5,2,3
BRDA:118,5,3,3
BRDA:118,5,4,3
BRDA:118,5,5,3
BRDA:118,5,6,3
BRDA:118,5,7,3
BRDA:118,5,8,3
BRDA:118,5,9,3
BRDA:118,5,10,3
BRDA:118,5,11,3
BRDA:118,5,12,2
BRDA:142,6,0,0
BRDA:142,6,1,3
BRF:34
BRH:31
end_of_record
TN:
SF:C:\xampp\htdocs\2-DAW\2-DAW\Programacion\Cliente\Testing\Evaluable\buggy_code\buggy_code\app\data\json_reader.js
FN:11,extractDataFromRawJSON
FN:27,readJSONData
FNF:2
FNH:2
FNDA:1,extractDataFromRawJSON
FNDA:1,readJSONData
DA:1,1
DA:2,1
DA:3,1
DA:4,1
DA:12,1
DA:13,1
DA:14,3
DA:15,3
DA:16,3
DA:18,1
DA:28,1
DA:29,1
DA:30,1
DA:32,0
DA:33,0
DA:35,0
DA:37,1
DA:40,1
DA:41,1
LF:19
LH:16
BRDA:32,0,0,0
BRDA:32,0,1,0
BRF:2
BRH:0
end_of_record
TN:
SF:C:\xampp\htdocs\2-DAW\2-DAW\Programacion\Cliente\Testing\Evaluable\buggy_code\buggy_code\app\data\player.js
FN:16,(anonymous_0)
FN:26,(anonymous_1)
FN:34,(anonymous_2)
FN:35,(anonymous_3)
FN:36,(anonymous_4)
FN:60,(anonymous_5)
FN:68,(anonymous_6)
FN:76,(anonymous_7)
FN:84,(anonymous_8)
FN:92,(anonymous_9)
FN:100,(anonymous_10)
FN:108,(anonymous_11)
FN:116,(anonymous_12)
FN:124,(anonymous_13)
FN:132,(anonymous_14)
FN:140,(anonymous_15)
FN:149,(anonymous_16)
FNF:17
FNH:7
FNDA:3,(anonymous_0)
FNDA:3,(anonymous_1)
FNDA:3,(anonymous_2)
FNDA:0,(anonymous_3)
FNDA:3,(anonymous_4)
FNDA:0,(anonymous_5)
FNDA:0,(anonymous_6)
FNDA:0,(anonymous_7)
FNDA:0,(anonymous_8)
FNDA:2,(anonymous_9)
FNDA:0,(anonymous_10)
FNDA:0,(anonymous_11)
FNDA:0,(anonymous_12)
FNDA:0,(anonymous_13)
FNDA:8,(anonymous_14)
FNDA:0,(anonymous_15)
FNDA:4,(anonymous_16)
DA:1,1
DA:2,1
DA:3,1
DA:4,1
DA:5,1
DA:6,1
DA:17,3
DA:27,3
DA:28,3
DA:29,3
DA:30,3
DA:31,3
DA:32,3
DA:33,3
DA:34,3
DA:35,3
DA:36,3
DA:37,3
DA:38,3
DA:39,3
DA:40,0
DA:41,0
DA:42,0
DA:45,3
DA:46,3
DA:47,3
DA:48,3
DA:49,3
DA:50,3
DA:51,3
DA:61,0
DA:69,0
DA:77,0
DA:85,0
DA:93,2
DA:101,0
DA:109,0
DA:117,0
DA:125,0
DA:133,8
DA:141,0
DA:150,4
DA:151,1
DA:153,3
DA:157,1
LF:45
LH:33
BRDA:37,0,0,3
BRDA:37,0,1,0
BRDA:40,1,0,0
BRDA:40,1,1,0
BRDA:150,2,0,1
BRDA:150,2,1,3
BRDA:150,3,0,4
BRDA:150,3,1,4
BRF:8
BRH:5
end_of_record
TN:
SF:C:\xampp\htdocs\2-DAW\2-DAW\Programacion\Cliente\Testing\Evaluable\buggy_code\buggy_code\app\data\team.js
FN:10,(anonymous_0)
FN:20,(anonymous_1)
FN:28,(anonymous_2)
FN:36,(anonymous_3)
FN:45,(anonymous_4)
FN:58,(anonymous_5)
FN:67,(anonymous_6)
FN:80,(anonymous_7)
FN:90,(anonymous_8)
FN:98,(anonymous_9)
FN:111,(anonymous_10)
FN:120,(anonymous_11)
FN:122,(anonymous_12)
FN:136,(anonymous_13)
FN:160,(anonymous_14)
FN:188,(anonymous_15)
FN:189,(anonymous_16)
FN:190,(anonymous_17)
FN:191,(anonymous_18)
FN:201,(anonymous_19)
FNF:20
FNH:7
FNDA:1,(anonymous_0)
FNDA:1,(anonymous_1)
FNDA:1,(anonymous_2)
FNDA:0,(anonymous_3)
FNDA:4,(anonymous_4)
FNDA:1,(anonymous_5)
FNDA:2,(anonymous_6)
FNDA:0,(anonymous_7)
FNDA:1,(anonymous_8)
FNDA:0,(anonymous_9)
FNDA:0,(anonymous_10)
FNDA:0,(anonymous_11)
FNDA:0,(anonymous_12)
FNDA:0,(anonymous_13)
FNDA:0,(anonymous_14)
FNDA:0,(anonymous_15)
FNDA:0,(anonymous_16)
FNDA:0,(anonymous_17)
FNDA:0,(anonymous_18)
FNDA:0,(anonymous_19)
DA:11,1
DA:12,1
DA:13,1
DA:21,1
DA:29,1
DA:37,0
DA:46,4
DA:47,4
DA:48,1
DA:51,3
DA:59,1
DA:68,2
DA:69,2
DA:70,2
DA:71,2
DA:73,0
DA:81,0
DA:82,0
DA:91,1
DA:99,0
DA:100,0
DA:101,0
DA:113,0
DA:115,0
DA:116,0
DA:120,0
DA:122,0
DA:123,0
DA:126,0
DA:137,0
DA:138,0
DA:140,0
DA:141,0
DA:143,0
DA:144,0
DA:145,0
DA:146,0
DA:148,0
DA:162,0
DA:163,0
DA:164,0
DA:165,0
DA:166,0
DA:167,0
DA:168,0
DA:170,0
DA:171,0
DA:173,0
DA:174,0
DA:176,0
DA:177,0
DA:182,0
DA:183,0
DA:185,0
DA:187,0
DA:188,0
DA:189,0
DA:190,0
DA:191,0
DA:193,0
DA:195,0
DA:197,0
DA:199,0
DA:201,0
DA:203,0
DA:213,1
LF:66
LH:16
BRDA:47,0,0,1
BRDA:47,0,1,3
BRDA:68,1,0,2
BRDA:68,1,1,0
BRDA:115,2,0,0
BRDA:115,2,1,0
BRDA:122,3,0,0
BRDA:122,3,1,0
BRDA:137,4,0,0
BRDA:137,4,1,0
BRDA:167,5,0,0
BRDA:167,5,1,0
BRDA:170,6,0,0
BRDA:170,6,1,0
BRDA:173,7,0,0
BRDA:173,7,1,0
BRDA:176,8,0,0
BRDA:176,8,1,0
BRF:18
BRH:3
end_of_record
